<?xml version="1.0" encoding="UTF-8"?>
<!-- Generated by org.testng.reporters.JUnitXMLReporter -->
<testsuite hostname="Deepti-PC" ignored="0" name="Default test" tests="8" failures="0" timestamp="03 Dec 2020 05:05:25 GMT" time="96.294" errors="0">
  <testcase name="test" time="29.994" classname="com.tenstng.NetworkbandwidthTest"/>
  <testcase name="test" time="13.955" classname="com.tenstng.NetworkbandwidthTest"/>
  <testcase name="test" time="13.045" classname="com.tenstng.NetworkbandwidthTest"/>
  <testcase name="test" time="8.329" classname="com.tenstng.NetworkbandwidthTest"/>
  <testcase name="test" time="7.539" classname="com.tenstng.NetworkbandwidthTest"/>
  <testcase name="test" time="7.811" classname="com.tenstng.NetworkbandwidthTest"/>
  <testcase name="test" time="8.632" classname="com.tenstng.NetworkbandwidthTest"/>
  <testcase name="test" time="6.879" classname="com.tenstng.NetworkbandwidthTest"/>
</testsuite> <!-- Default test -->
