<?xml version="1.0" encoding="UTF-8"?>
<!-- Generated by org.testng.reporters.JUnitXMLReporter -->
<testsuite hostname="Deepti-PC" ignored="0" name="Default test" tests="10" failures="0" timestamp="21 Oct 2020 14:19:49 GMT" time="0.083" errors="0">
  <testcase name="sum" time="0.0" classname="com.tenstng.InvocationCount"/>
  <testcase name="sum" time="0.015" classname="com.tenstng.InvocationCount"/>
  <testcase name="sum" time="0.0" classname="com.tenstng.InvocationCount"/>
  <testcase name="sum" time="0.0" classname="com.tenstng.InvocationCount"/>
  <testcase name="sum" time="0.0" classname="com.tenstng.InvocationCount"/>
  <testcase name="sum" time="0.016" classname="com.tenstng.InvocationCount"/>
  <testcase name="sum" time="0.001" classname="com.tenstng.InvocationCount"/>
  <testcase name="sum" time="0.001" classname="com.tenstng.InvocationCount"/>
  <testcase name="sum" time="0.001" classname="com.tenstng.InvocationCount"/>
  <testcase name="sum" time="0.001" classname="com.tenstng.InvocationCount"/>
</testsuite> <!-- Default test -->
