<?xml version="1.0" encoding="UTF-8"?>
<!-- Generated by org.testng.reporters.JUnitXMLReporter -->
<testsuite hostname="Deepti-PC" ignored="0" name="Test" tests="15" failures="2" timestamp="14 Oct 2020 15:47:27 GMT" time="14.324" errors="0">
  <testcase name="logoTest" time="0.0" classname="com.tenstng.TestNGBasics"/>
  <testcase name="titleTest" time="0.0" classname="com.tenstng.TestNGBasics"/>
  <testcase name="googleTitleTest" time="0.024" classname="com.tenstng.AssertDemoTest">
    <failure type="java.lang.AssertionError" message="title is not correct expected [google] but found [Google]">
      <![CDATA[java.lang.AssertionError: title is not correct expected [google] but found [Google]
at com.tenstng.AssertDemoTest.googleTitleTest(AssertDemoTest.java:30)
... Removed 30 stack frames]]>
    </failure>
  </testcase> <!-- googleTitleTest -->
  <testcase name="test" time="0.0" classname="com.tenstng.ExpectedExceptionDemo"/>
  <testcase name="timeoutTest" time="0.031" classname="com.tenstng.InvocationTimeout">
    <failure type="org.testng.internal.thread.ThreadTimeoutException" message="Method com.tenstng.InvocationTimeout.timeoutTest() didn&amp;apos;t finish within the time-out 5">
      <![CDATA[org.testng.internal.thread.ThreadTimeoutException: Method com.tenstng.InvocationTimeout.timeoutTest() didn't finish within the time-out 5
at java.io.OutputStreamWriter.flushBuffer(OutputStreamWriter.java:185)
at java.io.PrintStream.newLine(PrintStream.java:546)
at java.io.PrintStream.println(PrintStream.java:737)
at com.tenstng.InvocationTimeout.timeoutTest(InvocationTimeout.java:10)
at java.util.concurrent.Executors$RunnableAdapter.call(Executors.java:511)
at java.util.concurrent.FutureTask.run(FutureTask.java:266)
at java.util.concurrent.ThreadPoolExecutor.runWorker(ThreadPoolExecutor.java:1149)
at java.util.concurrent.ThreadPoolExecutor$Worker.run(ThreadPoolExecutor.java:624)
at java.lang.Thread.run(Thread.java:748)
... Removed 7 stack frames]]>
    </failure>
  </testcase> <!-- timeoutTest -->
  <testcase name="sum" time="0.0" classname="com.tenstng.InvocationCount"/>
  <testcase name="sum" time="0.266" classname="com.tenstng.InvocationCount"/>
  <testcase name="sum" time="0.0" classname="com.tenstng.InvocationCount"/>
  <testcase name="sum" time="0.0" classname="com.tenstng.InvocationCount"/>
  <testcase name="sum" time="0.016" classname="com.tenstng.InvocationCount"/>
  <testcase name="sum" time="0.0" classname="com.tenstng.InvocationCount"/>
  <testcase name="sum" time="0.0" classname="com.tenstng.InvocationCount"/>
  <testcase name="sum" time="0.0" classname="com.tenstng.InvocationCount"/>
  <testcase name="sum" time="0.016" classname="com.tenstng.InvocationCount"/>
  <testcase name="sum" time="0.0" classname="com.tenstng.InvocationCount"/>
</testsuite> <!-- Test -->
