<?xml version="1.0" encoding="UTF-8"?>
<testng-results skipped="0" failed="0" ignored="0" total="10" passed="10">
  <reporter-output>
  </reporter-output>
  <suite name="Default suite" duration-ms="83" started-at="2020-10-21T14:19:48Z" finished-at="2020-10-21T14:19:48Z">
    <groups>
    </groups>
    <test name="Default test" duration-ms="83" started-at="2020-10-21T14:19:48Z" finished-at="2020-10-21T14:19:48Z">
      <class name="com.tenstng.InvocationCount">
        <test-method status="PASS" signature="sum()[pri:0, instance:com.tenstng.InvocationCount@27a8c74e]" name="sum" duration-ms="0" started-at="2020-10-21T14:19:48Z" finished-at="2020-10-21T14:19:48Z">
          <reporter-output>
          </reporter-output>
        </test-method> <!-- sum -->
        <test-method status="PASS" signature="sum()[pri:0, instance:com.tenstng.InvocationCount@27a8c74e]" name="sum" duration-ms="15" started-at="2020-10-21T14:19:48Z" finished-at="2020-10-21T14:19:48Z">
          <reporter-output>
          </reporter-output>
        </test-method> <!-- sum -->
        <test-method status="PASS" signature="sum()[pri:0, instance:com.tenstng.InvocationCount@27a8c74e]" name="sum" duration-ms="0" started-at="2020-10-21T14:19:48Z" finished-at="2020-10-21T14:19:48Z">
          <reporter-output>
          </reporter-output>
        </test-method> <!-- sum -->
        <test-method status="PASS" signature="sum()[pri:0, instance:com.tenstng.InvocationCount@27a8c74e]" name="sum" duration-ms="16" started-at="2020-10-21T14:19:48Z" finished-at="2020-10-21T14:19:48Z">
          <reporter-output>
          </reporter-output>
        </test-method> <!-- sum -->
        <test-method status="PASS" signature="sum()[pri:0, instance:com.tenstng.InvocationCount@27a8c74e]" name="sum" duration-ms="0" started-at="2020-10-21T14:19:48Z" finished-at="2020-10-21T14:19:48Z">
          <reporter-output>
          </reporter-output>
        </test-method> <!-- sum -->
        <test-method status="PASS" signature="sum()[pri:0, instance:com.tenstng.InvocationCount@27a8c74e]" name="sum" duration-ms="0" started-at="2020-10-21T14:19:48Z" finished-at="2020-10-21T14:19:48Z">
          <reporter-output>
          </reporter-output>
        </test-method> <!-- sum -->
        <test-method status="PASS" signature="sum()[pri:0, instance:com.tenstng.InvocationCount@27a8c74e]" name="sum" duration-ms="1" started-at="2020-10-21T14:19:48Z" finished-at="2020-10-21T14:19:48Z">
          <reporter-output>
          </reporter-output>
        </test-method> <!-- sum -->
        <test-method status="PASS" signature="sum()[pri:0, instance:com.tenstng.InvocationCount@27a8c74e]" name="sum" duration-ms="1" started-at="2020-10-21T14:19:48Z" finished-at="2020-10-21T14:19:48Z">
          <reporter-output>
          </reporter-output>
        </test-method> <!-- sum -->
        <test-method status="PASS" signature="sum()[pri:0, instance:com.tenstng.InvocationCount@27a8c74e]" name="sum" duration-ms="1" started-at="2020-10-21T14:19:48Z" finished-at="2020-10-21T14:19:48Z">
          <reporter-output>
          </reporter-output>
        </test-method> <!-- sum -->
        <test-method status="PASS" signature="sum()[pri:0, instance:com.tenstng.InvocationCount@27a8c74e]" name="sum" duration-ms="1" started-at="2020-10-21T14:19:48Z" finished-at="2020-10-21T14:19:48Z">
          <reporter-output>
          </reporter-output>
        </test-method> <!-- sum -->
      </class> <!-- com.tenstng.InvocationCount -->
    </test> <!-- Default test -->
  </suite> <!-- Default suite -->
</testng-results>
