<?xml version="1.0" encoding="UTF-8"?>
<testng-results skipped="0" failed="0" ignored="0" total="8" passed="8">
  <reporter-output>
  </reporter-output>
  <suite name="Default suite" duration-ms="96294" started-at="2020-12-03T05:03:49Z" finished-at="2020-12-03T05:05:25Z">
    <groups>
    </groups>
    <test name="Default test" duration-ms="96294" started-at="2020-12-03T05:03:49Z" finished-at="2020-12-03T05:05:25Z">
      <class name="com.tenstng.NetworkbandwidthTest">
        <test-method status="PASS" signature="test(int, int)[pri:0, instance:com.tenstng.NetworkbandwidthTest@34cd072c]" name="test" duration-ms="29994" started-at="2020-12-03T05:03:49Z" data-provider="networkBandwidths" finished-at="2020-12-03T05:04:19Z">
          <params>
            <param index="0">
              <value>
                <![CDATA[200]]>
              </value>
            </param>
            <param index="1">
              <value>
                <![CDATA[200]]>
              </value>
            </param>
          </params>
          <reporter-output>
          </reporter-output>
        </test-method> <!-- test -->
        <test-method status="PASS" signature="test(int, int)[pri:0, instance:com.tenstng.NetworkbandwidthTest@34cd072c]" name="test" duration-ms="13955" started-at="2020-12-03T05:04:19Z" data-provider="networkBandwidths" finished-at="2020-12-03T05:04:33Z">
          <params>
            <param index="0">
              <value>
                <![CDATA[2000]]>
              </value>
            </param>
            <param index="1">
              <value>
                <![CDATA[2000]]>
              </value>
            </param>
          </params>
          <reporter-output>
          </reporter-output>
        </test-method> <!-- test -->
        <test-method status="PASS" signature="test(int, int)[pri:0, instance:com.tenstng.NetworkbandwidthTest@34cd072c]" name="test" duration-ms="13045" started-at="2020-12-03T05:04:33Z" data-provider="networkBandwidths" finished-at="2020-12-03T05:04:46Z">
          <params>
            <param index="0">
              <value>
                <![CDATA[5000]]>
              </value>
            </param>
            <param index="1">
              <value>
                <![CDATA[5000]]>
              </value>
            </param>
          </params>
          <reporter-output>
          </reporter-output>
        </test-method> <!-- test -->
        <test-method status="PASS" signature="test(int, int)[pri:0, instance:com.tenstng.NetworkbandwidthTest@34cd072c]" name="test" duration-ms="8329" started-at="2020-12-03T05:04:46Z" data-provider="networkBandwidths" finished-at="2020-12-03T05:04:54Z">
          <params>
            <param index="0">
              <value>
                <![CDATA[10000]]>
              </value>
            </param>
            <param index="1">
              <value>
                <![CDATA[5000]]>
              </value>
            </param>
          </params>
          <reporter-output>
          </reporter-output>
        </test-method> <!-- test -->
        <test-method status="PASS" signature="test(int, int)[pri:0, instance:com.tenstng.NetworkbandwidthTest@34cd072c]" name="test" duration-ms="7539" started-at="2020-12-03T05:04:54Z" data-provider="networkBandwidths" finished-at="2020-12-03T05:05:02Z">
          <params>
            <param index="0">
              <value>
                <![CDATA[5000]]>
              </value>
            </param>
            <param index="1">
              <value>
                <![CDATA[5000]]>
              </value>
            </param>
          </params>
          <reporter-output>
          </reporter-output>
        </test-method> <!-- test -->
        <test-method status="PASS" signature="test(int, int)[pri:0, instance:com.tenstng.NetworkbandwidthTest@34cd072c]" name="test" duration-ms="7811" started-at="2020-12-03T05:05:02Z" data-provider="networkBandwidths" finished-at="2020-12-03T05:05:10Z">
          <params>
            <param index="0">
              <value>
                <![CDATA[10000]]>
              </value>
            </param>
            <param index="1">
              <value>
                <![CDATA[10000]]>
              </value>
            </param>
          </params>
          <reporter-output>
          </reporter-output>
        </test-method> <!-- test -->
        <test-method status="PASS" signature="test(int, int)[pri:0, instance:com.tenstng.NetworkbandwidthTest@34cd072c]" name="test" duration-ms="8632" started-at="2020-12-03T05:05:10Z" data-provider="networkBandwidths" finished-at="2020-12-03T05:05:18Z">
          <params>
            <param index="0">
              <value>
                <![CDATA[10000]]>
              </value>
            </param>
            <param index="1">
              <value>
                <![CDATA[200000]]>
              </value>
            </param>
          </params>
          <reporter-output>
          </reporter-output>
        </test-method> <!-- test -->
        <test-method status="PASS" signature="test(int, int)[pri:0, instance:com.tenstng.NetworkbandwidthTest@34cd072c]" name="test" duration-ms="6879" started-at="2020-12-03T05:05:18Z" data-provider="networkBandwidths" finished-at="2020-12-03T05:05:25Z">
          <params>
            <param index="0">
              <value>
                <![CDATA[0]]>
              </value>
            </param>
            <param index="1">
              <value>
                <![CDATA[0]]>
              </value>
            </param>
          </params>
          <reporter-output>
          </reporter-output>
        </test-method> <!-- test -->
      </class> <!-- com.tenstng.NetworkbandwidthTest -->
    </test> <!-- Default test -->
  </suite> <!-- Default suite -->
</testng-results>
